<?xml version="1.0" ?>
<testsuite name="TestHello-20220517115033" tests="1" time="0.003" failures="0" errors="0">
	<testcase classname="TestHello" name="test_hello" time="0.003"/>
	<system-out><![CDATA[]]></system-out>
	<system-err><![CDATA[]]></system-err>
</testsuite>
